<?xml version="1.0" encoding="UTF-8"?>
<!-- Generated by org.testng.reporters.JUnitXMLReporter -->
<testsuite ignored="0" hostname="MacBook-Air-de-Isabella.local" failures="0" tests="4" name="Surefire test" time="0.232" errors="0" timestamp="2023-08-29T17:03:05 COT">
  <testcase classname="films.ServerTest" name="typeFileImageMediatory_ShouldReturnExtensionOfFile on typeFileImageMediatory_ShouldReturnExtensionOfFile(films.ServerTest)" time="0.04"/>
  <testcase classname="films.ServerTest" name="typeFileImageMediatory_ShouldReturnEmmptyIfnotExtension on typeFileImageMediatory_ShouldReturnEmmptyIfnotExtension(films.ServerTest)" time="0.078"/>
  <testcase classname="films.AREMflixServiceTest" name="storedinCache_Should_ReturnFalse_When_MovieNotInCache on storedinCache_Should_ReturnFalse_When_MovieNotInCache(films.AREMflixServiceTest)" time="0.002"/>
  <testcase classname="films.AREMflixServiceTest" name="getMovie_Should_ShowMovieInformation_When_MovieInCache on getMovie_Should_ShowMovieInformation_When_MovieInCache(films.AREMflixServiceTest)" time="0.003"/>
</testsuite> <!-- Surefire test -->
