<?xml version="1.0" encoding="UTF-8"?>
<!-- Generated by org.testng.reporters.JUnitXMLReporter -->
<testsuite ignored="0" hostname="Sistemas05" failures="0" tests="4" name="Surefire test" time="0.063" errors="0" timestamp="2023-08-31T12:37:30 COT">
  <testcase classname="films.AREMflixServiceTest" name="storedinCache_Should_ReturnFalse_When_MovieNotInCache on storedinCache_Should_ReturnFalse_When_MovieNotInCache(films.AREMflixServiceTest)" time="0.013"/>
  <testcase classname="films.AREMflixServiceTest" name="getMovie_Should_ShowMovieInformation_When_MovieInCache on getMovie_Should_ShowMovieInformation_When_MovieInCache(films.AREMflixServiceTest)" time="0.012"/>
  <testcase classname="films.ServerTest" name="typeFileImageMediatory_ShouldReturnExtensionOfFile on typeFileImageMediatory_ShouldReturnExtensionOfFile(films.ServerTest)" time="0.004"/>
  <testcase classname="films.ServerTest" name="typeFileImageMediatory_ShouldReturnEmmptyIfnotExtension on typeFileImageMediatory_ShouldReturnEmmptyIfnotExtension(films.ServerTest)" time="0.005"/>
</testsuite> <!-- Surefire test -->
