<?xml version="1.0" encoding="UTF-8"?>
<testng-results ignored="0" total="4" passed="4" failed="0" skipped="0">
  <reporter-output>
  </reporter-output>
  <suite started-at="2023-08-29T13:39:26 COT" name="Surefire suite" finished-at="2023-08-29T13:39:27 COT" duration-ms="264">
    <groups>
    </groups>
    <test started-at="2023-08-29T13:39:26 COT" name="Surefire test" finished-at="2023-08-29T13:39:27 COT" duration-ms="264">
      <class name="films.AREMflixServiceTest">
        <test-method signature="storedinCache_Should_ReturnFalse_When_MovieNotInCache()" started-at="2023-08-29T13:39:27 COT" name="storedinCache_Should_ReturnFalse_When_MovieNotInCache" finished-at="2023-08-29T13:39:27 COT" duration-ms="3" status="PASS">
          <reporter-output>
          </reporter-output>
        </test-method> <!-- storedinCache_Should_ReturnFalse_When_MovieNotInCache -->
        <test-method signature="getMovie_Should_ShowMovieInformation_When_MovieInCache()" started-at="2023-08-29T13:39:27 COT" name="getMovie_Should_ShowMovieInformation_When_MovieInCache" finished-at="2023-08-29T13:39:27 COT" duration-ms="3" status="PASS">
          <reporter-output>
          </reporter-output>
        </test-method> <!-- getMovie_Should_ShowMovieInformation_When_MovieInCache -->
      </class> <!-- films.AREMflixServiceTest -->
      <class name="films.ServerTest">
        <test-method signature="typeFileImageMediatory_ShouldReturnExtensionOfFile()" started-at="2023-08-29T13:39:27 COT" name="typeFileImageMediatory_ShouldReturnExtensionOfFile" finished-at="2023-08-29T13:39:27 COT" duration-ms="71" status="PASS">
          <reporter-output>
          </reporter-output>
        </test-method> <!-- typeFileImageMediatory_ShouldReturnExtensionOfFile -->
        <test-method signature="typeFileImageMediatory_ShouldReturnEmmptyIfnotExtension()" started-at="2023-08-29T13:39:27 COT" name="typeFileImageMediatory_ShouldReturnEmmptyIfnotExtension" finished-at="2023-08-29T13:39:27 COT" duration-ms="130" status="PASS">
          <reporter-output>
          </reporter-output>
        </test-method> <!-- typeFileImageMediatory_ShouldReturnEmmptyIfnotExtension -->
      </class> <!-- films.ServerTest -->
    </test> <!-- Surefire test -->
  </suite> <!-- Surefire suite -->
</testng-results>
