<?xml version="1.0" encoding="UTF-8"?>
<!-- Generated by org.testng.reporters.JUnitReportReporter -->
<testsuite hostname="MacBook-Air-de-Isabella.local" failures="0" tests="2" name="films.AREMflixServiceTest" time="0.006" errors="0" timestamp="2023-08-29T13:39:27 COT" skipped="0">
  <testcase classname="films.AREMflixServiceTest" name="storedinCache_Should_ReturnFalse_When_MovieNotInCache" time="0.003"/>
  <system-out/>
  <testcase classname="films.AREMflixServiceTest" name="getMovie_Should_ShowMovieInformation_When_MovieInCache" time="0.003"/>
  <system-out/>
</testsuite> <!-- films.AREMflixServiceTest -->
